0 silly argv {
0 silly argv   _: [ 'create' ],
0 silly argv   lernaVersion: '3.22.1',
0 silly argv   '$0': 'lerna',
0 silly argv   name: 'cli-dev-command',
0 silly argv   loc: 'models'
0 silly argv }
1 notice cli v3.22.1
2 verbose rootPath /Users/wupeng/Desktop/vue-test/cli-dev
3 error Error: canceled
3 error     at Interface.<anonymous> (/Users/wupeng/Desktop/vue-test/cli-dev/node_modules/read/lib/read.js:66:13)
3 error     at Interface.emit (node:events:526:28)
3 error     at Interface.[_ttyWrite] [as _ttyWrite] (node:internal/readline/interface:1104:18)
3 error     at ReadStream.onkeypress (node:internal/readline/interface:269:20)
3 error     at ReadStream.emit (node:events:526:28)
3 error     at emitKeys (node:internal/readline/utils:358:14)
3 error     at emitKeys.next (<anonymous>)
3 error     at ReadStream.onData (node:internal/readline/emitKeypressEvents:64:36)
3 error     at ReadStream.emit (node:events:526:28)
3 error     at addChunk (node:internal/streams/readable:324:12)
3 error     at readableAddChunk (node:internal/streams/readable:297:9)
3 error     at ReadStream.Readable.push (node:internal/streams/readable:234:10)
